=== Retraining Cycles Proof Log ===

--- Cycle 1 (schedule) ---
Random_Forest_v1 completed with accuracy: 0.9561
Logistic_Regression_v1 completed with accuracy: 0.9825
Random_Forest_v2_Tuned completed with accuracy: 0.9474
{
  "trigger": "schedule",
  "previous_model": "Logistic_Regression_v1",
  "previous_accuracy": 0.9825,
  "candidate_model": "Logistic_Regression_v1",
  "candidate_accuracy": 0.9825,
  "candidate_precision": 0.9861,
  "accuracy_improvement": -0.0,
  "min_required_improvement": 0.0,
  "promoted": false,
  "run_id": "16573b34036d4c478f1181a5ac11a60c"
}

--- Cycle 2 (schedule) ---
Random_Forest_v1 completed with accuracy: 0.9561
Logistic_Regression_v1 completed with accuracy: 0.9825
Random_Forest_v2_Tuned completed with accuracy: 0.9474
{
  "trigger": "schedule",
  "previous_model": "Logistic_Regression_v1",
  "previous_accuracy": 0.9825,
  "candidate_model": "Logistic_Regression_v1",
  "candidate_accuracy": 0.9825,
  "candidate_precision": 0.9861,
  "accuracy_improvement": -0.0,
  "min_required_improvement": 0.0,
  "promoted": false,
  "run_id": "00963621650546938a5ab4405e035ced"
}

--- Cycle 3 (performance-check) ---
Random_Forest_v1 completed with accuracy: 0.9561
Logistic_Regression_v1 completed with accuracy: 0.9825
Random_Forest_v2_Tuned completed with accuracy: 0.9474
{
  "trigger": "performance-check",
  "previous_model": "Logistic_Regression_v1",
  "previous_accuracy": 0.9825,
  "candidate_model": "Logistic_Regression_v1",
  "candidate_accuracy": 0.9825,
  "candidate_precision": 0.9861,
  "accuracy_improvement": -0.0,
  "min_required_improvement": 0.005,
  "promoted": false,
  "run_id": "4419e92a76cf4965be649e673282f8e0"
}
